<?xml version="1.0" encoding="UTF-8"?>
<!-- Generated by org.testng.reporters.JUnitXMLReporter -->
<testsuite hostname="CO-IT00385" ignored="0" name="Espn Test LogIn Count" tests="1" failures="0" timestamp="05 Apr 2020 04:47:48 GMT" time="2.024" errors="0">
  <testcase name="@BeforeClass beforeCount" time="0.068" classname="com.globant.web.tests.EspnTest">
    <failure type="org.openqa.selenium.NoSuchFrameException" message="No frame element found by name or id disneyid-iframe
Build info: version: &amp;apos;3.14.0&amp;apos;, revision: &amp;apos;aacccce0&amp;apos;, time: &amp;apos;2018-08-02T20:19:58.91Z&amp;apos;
System info: host: &amp;apos;CO-IT00385&amp;apos;, ip: &amp;apos;192.168.0.6&amp;apos;, os.name: &amp;apos;Windows 10&amp;apos;, os.arch: &amp;apos;amd64&amp;apos;, os.version: &amp;apos;10.0&amp;apos;, java.version: &amp;apos;1.8.0_231&amp;apos;
Driver info: driver.version: unknown">
      <![CDATA[org.openqa.selenium.NoSuchFrameException: No frame element found by name or id disneyid-iframe
Build info: version: '3.14.0', revision: 'aacccce0', time: '2018-08-02T20:19:58.91Z'
System info: host: 'CO-IT00385', ip: '192.168.0.6', os.name: 'Windows 10', os.arch: 'amd64', os.version: '10.0', java.version: '1.8.0_231'
Driver info: driver.version: unknown
at org.openqa.selenium.remote.RemoteWebDriver$RemoteTargetLocator.frame(RemoteWebDriver.java:881)
at com.globant.web.pages.EspnHomePage.logIn(EspnHomePage.java:137)
at com.globant.web.tests.EspnTest.beforeCount(EspnTest.java:50)
... Removed 26 stack frames]]>
    </failure>
  </testcase> <!-- @BeforeClass beforeCount -->
  <testcase name="@AfterMethod afterClass" time="0.0" classname="com.globant.web.tests.EspnTest">
    <skipped/>
  </testcase> <!-- @AfterMethod afterClass -->
  <testcase name="testLogin" time="0.0" classname="com.globant.web.tests.TestLogin">
    <skipped/>
  </testcase> <!-- testLogin -->
</testsuite> <!-- Espn Test LogIn Count -->
